[01m[K/home/x/planning_with_ROS2_course/src/planning/src/common/math/curve.cpp:[m[K In static member function â€˜[01m[Kstatic void Planning::Curve::cal_projection_param(base_msgs::msg::Referline&)[m[Kâ€™:
[01m[K/home/x/planning_with_ROS2_course/src/planning/src/common/math/curve.cpp:64:33:[m[K [01;31m[Kerror: [m[Kâ€˜[01m[Krs[m[Kâ€™ was not declared in this scope
   64 |                                 [01;31m[Krs[m[K = 0.0;
      |                                 [01;31m[K^~[m[K
[01m[K/home/x/planning_with_ROS2_course/src/planning/src/common/math/curve.cpp:67:33:[m[K [01;31m[Kerror: [m[Kâ€˜[01m[Krs[m[Kâ€™ was not declared in this scope
   67 |                                 [01;31m[Krs[m[K += std::hypot(refer_line.refer_line[i].pose.pose.position.y - refer_line.refer_line[i - 1].pose.pose.position.y,
      |                                 [01;31m[K^~[m[K
[01m[K/home/x/planning_with_ROS2_course/src/planning/src/common/math/curve.cpp:70:55:[m[K [01;31m[Kerror: [m[Kâ€˜[01m[Krs[m[Kâ€™ was not declared in this scope
   70 |                         refer_line.refer_line[i].rs = [01;31m[Krs[m[K;
      |                                                       [01;31m[K^~[m[K
gmake[2]: *** [src/common/CMakeFiles/mathlibs.dir/build.make:76ï¼šsrc/common/CMakeFiles/mathlibs.dir/math/curve.cpp.o] é”™è¯¯ 1
gmake[1]: *** [CMakeFiles/Makefile2:330ï¼šsrc/common/CMakeFiles/mathlibs.dir/all] é”™è¯¯ 2
gmake: *** [Makefile:146ï¼šall] é”™è¯¯ 2
