[0.497s] Invoking command in '/home/x/planning_with_ROS2_course/build/planning': CMAKE_PREFIX_PATH=/home/x/planning_with_ROS2_course/install/base_msgs:/home/x/planning_with_ROS2_course/install/planning:/home/x/planning_with_ROS2_course/install/data_plot:/opt/ros/humble LD_LIBRARY_PATH=/home/x/planning_with_ROS2_course/install/base_msgs/lib:/home/x/planning_with_ROS2_course/install/planning/lib:/home/x/planning_with_ROS2_course/install/planning/lib:/home/x/planning_with_ROS2_course/install/planning/lib:/opt/ros/humble/opt/rviz_ogre_vendor/lib:/opt/ros/humble/lib/x86_64-linux-gnu:/opt/ros/humble/lib /usr/bin/cmake --build /home/x/planning_with_ROS2_course/build/planning -- -j8 -l8
[0.694s] [  5%] Built target config_reader
[0.725s] [  8%] [32mBuilding CXX object src/common/CMakeFiles/mathlibs.dir/math/curve.cpp.o[0m
[0.832s] [ 17%] Built target pnc_map_creator
[0.838s] [ 22%] Built target global_planner
[0.907s] [ 28%] Built target pnc_map_server
[0.915s] [ 34%] Built target global_path_server
[5.731s] [01m[K/home/x/planning_with_ROS2_course/src/planning/src/common/math/curve.cpp:[m[K In static member function â€˜[01m[Kstatic void Planning::Curve::cal_projection_param(base_msgs::msg::Referline&)[m[Kâ€™:
[5.731s] [01m[K/home/x/planning_with_ROS2_course/src/planning/src/common/math/curve.cpp:64:33:[m[K [01;31m[Kerror: [m[Kâ€˜[01m[Krs[m[Kâ€™ was not declared in this scope
[5.731s]    64 |                                 [01;31m[Krs[m[K = 0.0;
[5.731s]       |                                 [01;31m[K^~[m[K
[5.737s] [01m[K/home/x/planning_with_ROS2_course/src/planning/src/common/math/curve.cpp:67:33:[m[K [01;31m[Kerror: [m[Kâ€˜[01m[Krs[m[Kâ€™ was not declared in this scope
[5.737s]    67 |                                 [01;31m[Krs[m[K += std::hypot(refer_line.refer_line[i].pose.pose.position.y - refer_line.refer_line[i - 1].pose.pose.position.y,
[5.737s]       |                                 [01;31m[K^~[m[K
[5.742s] [01m[K/home/x/planning_with_ROS2_course/src/planning/src/common/math/curve.cpp:70:55:[m[K [01;31m[Kerror: [m[Kâ€˜[01m[Krs[m[Kâ€™ was not declared in this scope
[5.742s]    70 |                         refer_line.refer_line[i].rs = [01;31m[Krs[m[K;
[5.742s]       |                                                       [01;31m[K^~[m[K
[6.604s] gmake[2]: *** [src/common/CMakeFiles/mathlibs.dir/build.make:76ï¼šsrc/common/CMakeFiles/mathlibs.dir/math/curve.cpp.o] é”™è¯¯ 1
[6.604s] gmake[1]: *** [CMakeFiles/Makefile2:330ï¼šsrc/common/CMakeFiles/mathlibs.dir/all] é”™è¯¯ 2
[6.605s] gmake: *** [Makefile:146ï¼šall] é”™è¯¯ 2
[6.608s] Invoked command in '/home/x/planning_with_ROS2_course/build/planning' returned '2': CMAKE_PREFIX_PATH=/home/x/planning_with_ROS2_course/install/base_msgs:/home/x/planning_with_ROS2_course/install/planning:/home/x/planning_with_ROS2_course/install/data_plot:/opt/ros/humble LD_LIBRARY_PATH=/home/x/planning_with_ROS2_course/install/base_msgs/lib:/home/x/planning_with_ROS2_course/install/planning/lib:/home/x/planning_with_ROS2_course/install/planning/lib:/home/x/planning_with_ROS2_course/install/planning/lib:/opt/ros/humble/opt/rviz_ogre_vendor/lib:/opt/ros/humble/lib/x86_64-linux-gnu:/opt/ros/humble/lib /usr/bin/cmake --build /home/x/planning_with_ROS2_course/build/planning -- -j8 -l8
