In file included from [01m[K/home/x/planning_with_ROS2_course/src/planning/src/planning_process/planning_process_main.cpp:14[m[K:
[01m[K/home/x/planning_with_ROS2_course/src/planning/src/planning_process/planning_process.h:43:20:[m[K [01;31m[Kerror: [m[Kâ€˜[01m[KTransformBroadcaster[m[Kâ€™ has not been declared in â€˜[01m[Ktf2_ros[m[Kâ€™
   43 |     using tf2_ros::[01;31m[KTransformBroadcaster[m[K;  // å˜æ¢å¹¿æ’­å™¨
      |                    [01;31m[K^~~~~~~~~~~~~~~~~~~~[m[K
In file included from [01m[K/home/x/planning_with_ROS2_course/src/planning/src/planning_process/planning_process.cpp:25[m[K:
[01m[K/home/x/planning_with_ROS2_course/src/planning/src/planning_process/planning_process.h:43:20:[m[K [01;31m[Kerror: [m[Kâ€˜[01m[KTransformBroadcaster[m[Kâ€™ has not been declared in â€˜[01m[Ktf2_ros[m[Kâ€™
   43 |     using tf2_ros::[01;31m[KTransformBroadcaster[m[K;  // å˜æ¢å¹¿æ’­å™¨
      |                    [01;31m[K^~~~~~~~~~~~~~~~~~~~[m[K
[01m[K/home/x/planning_with_ROS2_course/src/planning/src/planning_process/planning_process.h:78:25:[m[K [01;31m[Kerror: [m[Kâ€˜[01m[KTransformBroadcaster[m[Kâ€™ was not declared in this scope
   78 |         std::shared_ptr<[01;31m[KTransformBroadcaster[m[K> tf_broadcaster_;  // å˜æ¢å¹¿æ’­å™¨
      |                         [01;31m[K^~~~~~~~~~~~~~~~~~~~[m[K
[01m[K/home/x/planning_with_ROS2_course/src/planning/src/planning_process/planning_process.h:78:45:[m[K [01;31m[Kerror: [m[Ktemplate argument 1 is invalid
   78 |         std::shared_ptr<TransformBroadcaster[01;31m[K>[m[K tf_broadcaster_;  // å˜æ¢å¹¿æ’­å™¨
      |                                             [01;31m[K^[m[K
[01m[K/home/x/planning_with_ROS2_course/src/planning/src/planning_process/planning_process.h:78:25:[m[K [01;31m[Kerror: [m[Kâ€˜[01m[KTransformBroadcaster[m[Kâ€™ was not declared in this scope
   78 |         std::shared_ptr<[01;31m[KTransformBroadcaster[m[K> tf_broadcaster_;  // å˜æ¢å¹¿æ’­å™¨
      |                         [01;31m[K^~~~~~~~~~~~~~~~~~~~[m[K
[01m[K/home/x/planning_with_ROS2_course/src/planning/src/planning_process/planning_process.h:78:45:[m[K [01;31m[Kerror: [m[Ktemplate argument 1 is invalid
   78 |         std::shared_ptr<TransformBroadcaster[01;31m[K>[m[K tf_broadcaster_;  // å˜æ¢å¹¿æ’­å™¨
      |                                             [01;31m[K^[m[K
[01m[K/home/x/planning_with_ROS2_course/src/planning/src/planning_process/planning_process.cpp:[m[K In constructor â€˜[01m[KPlanning::PlanningProcess::PlanningProcess()[m[Kâ€™:
[01m[K/home/x/planning_with_ROS2_course/src/planning/src/planning_process/planning_process.cpp:55:44:[m[K [01;31m[Kerror: [m[Kâ€˜[01m[KTransformBroadcaster[m[Kâ€™ was not declared in this scope
   55 |         tf_broadcaster_ = std::make_shared<[01;31m[KTransformBroadcaster[m[K>(this);
      |                                            [01;31m[K^~~~~~~~~~~~~~~~~~~~[m[K
[01m[K/home/x/planning_with_ROS2_course/src/planning/src/planning_process/planning_process.cpp:55:65:[m[K [01;31m[Kerror: [m[Kno matching function for call to â€˜[01m[Kmake_shared<<expression error> >(Planning::PlanningProcess*)[m[Kâ€™
   55 |         tf_broadcaster_ = [01;31m[Kstd::make_shared<TransformBroadcaster>(this)[m[K;
      |                           [01;31m[K~~~~~~~~~~~~~~~~~~~~~~~~~~~~~~~~~~~~~~^~~~~~[m[K
In file included from [01m[K/usr/include/c++/11/memory:77[m[K,
                 from [01m[K/opt/ros/humble/include/rclcpp/rclcpp/rclcpp.hpp:153[m[K,
                 from [01m[K/home/x/planning_with_ROS2_course/src/planning/src/planning_process/planning_process.h:4[m[K,
                 from [01m[K/home/x/planning_with_ROS2_course/src/planning/src/planning_process/planning_process.cpp:25[m[K:
[01m[K/usr/include/c++/11/bits/shared_ptr.h:875:5:[m[K [01;36m[Knote: [m[Kcandidate: â€˜[01m[Ktemplate<class _Tp, class ... _Args> std::shared_ptr<_Tp> std::make_shared(_Args&& ...)[m[Kâ€™
  875 |     [01;36m[Kmake_shared[m[K(_Args&&... __args)
      |     [01;36m[K^~~~~~~~~~~[m[K
[01m[K/usr/include/c++/11/bits/shared_ptr.h:875:5:[m[K [01;36m[Knote: [m[K  template argument deduction/substitution failed:
[01m[K/home/x/planning_with_ROS2_course/src/planning/src/planning_process/planning_process.cpp:55:65:[m[K [01;31m[Kerror: [m[Ktemplate argument 1 is invalid
   55 |         tf_broadcaster_ = [01;31m[Kstd::make_shared<TransformBroadcaster>(this)[m[K;
      |                           [01;31m[K~~~~~~~~~~~~~~~~~~~~~~~~~~~~~~~~~~~~~~^~~~~~[m[K
[01m[K/home/x/planning_with_ROS2_course/src/planning/src/planning_process/planning_process.cpp:[m[K In member function â€˜[01m[Kvoid Planning::PlanningProcess::vehicle_spawn(const std::shared_ptr<Planning::VehicleBase>&)[m[Kâ€™:
[01m[K/home/x/planning_with_ROS2_course/src/planning/src/planning_process/planning_process.cpp:162:24:[m[K [01;31m[Kerror: [m[Kbase operand of â€˜[01m[K->[m[Kâ€™ is not a pointer
  162 |         tf_broadcaster_[01;31m[K->[m[KsendTransform(spawn);
      |                        [01;31m[K^~[m[K
gmake[2]: *** [src/planning_process/CMakeFiles/planning_process.dir/build.make:76ï¼šsrc/planning_process/CMakeFiles/planning_process.dir/planning_process_main.cpp.o] é”™è¯¯ 1
gmake[2]: *** æ­£åœ¨ç­‰å¾…æœªå®Œæˆçš„ä»»åŠ¡....
gmake[2]: *** [src/planning_process/CMakeFiles/planning_process.dir/build.make:90ï¼šsrc/planning_process/CMakeFiles/planning_process.dir/planning_process.cpp.o] é”™è¯¯ 1
gmake[1]: *** [CMakeFiles/Makefile2:622ï¼šsrc/planning_process/CMakeFiles/planning_process.dir/all] é”™è¯¯ 2
gmake: *** [Makefile:146ï¼šall] é”™è¯¯ 2
