[0.554s] Invoking command in '/home/x/planning_with_ROS2_course/build/planning': CMAKE_PREFIX_PATH=/home/x/planning_with_ROS2_course/install/base_msgs:/home/x/planning_with_ROS2_course/install/planning:/home/x/planning_with_ROS2_course/install/data_plot:/opt/ros/humble LD_LIBRARY_PATH=/home/x/planning_with_ROS2_course/install/base_msgs/lib:/home/x/planning_with_ROS2_course/install/planning/lib:/home/x/planning_with_ROS2_course/install/planning/lib:/home/x/planning_with_ROS2_course/install/planning/lib:/opt/ros/humble/opt/rviz_ogre_vendor/lib:/opt/ros/humble/lib/x86_64-linux-gnu:/opt/ros/humble/lib /usr/bin/cmake --build /home/x/planning_with_ROS2_course/build/planning -- -j8 -l8
[0.676s] [  5%] Built target config_reader
[0.679s] [ 14%] Built target mathlibs
[0.742s] [ 20%] Built target global_planner
[0.745s] [ 28%] Built target pnc_map_creator
[0.763s] [ 37%] Built target vehicle_info
[0.793s] [ 45%] Built target reference_line
[0.835s] [ 51%] Built target global_path_server
[0.879s] [ 60%] Built target pnc_map_server
[0.879s] [ 62%] Built target car_move_cmd
[0.880s] [ 68%] Built target obs_move_cmd
[0.908s] [ 74%] Built target decision_center
[0.975s] [ 91%] Built target local_planner
[1.008s] [35m[1mConsolidate compiler generated dependencies of target planning_process[0m
[1.056s] [ 94%] [32mBuilding CXX object src/planning_process/CMakeFiles/planning_process.dir/planning_process.cpp.o[0m
[9.353s] [01m[K/home/x/planning_with_ROS2_course/src/planning/src/planning_process/planning_process.cpp:[m[K In member function ‚Äò[01m[Kvoid Planning::PlanningProcess::get_location(const std::shared_ptr<Planning::VehicleBase>&)[m[K‚Äô:
[9.353s] [01m[K/home/x/planning_with_ROS2_course/src/planning/src/planning_process/planning_process.cpp:141:76:[m[K [01;35m[Kwarning: [m[Kunused parameter ‚Äò[01m[Kvehicle[m[K‚Äô [[01;35m[K]8;;https://gcc.gnu.org/onlinedocs/gcc/Warning-Options.html#index-Wunused-parameter-Wunused-parameter]8;;[m[K]
[9.353s]   141 |     void PlanningProcess::get_location([01;35m[Kconst std::shared_ptr<VehicleBase> &vehicle[m[K) // Ëé∑Âèñ‰ΩçÁΩÆ,ÁõëÂê¨ÂÆö‰ΩçÁÇπ
[9.353s]       |                                        [01;35m[K~~~~~~~~~~~~~~~~~~~~~~~~~~~~~~~~~~~~^~~~~~~[m[K
[24.069s] [ 97%] [32m[1mLinking CXX executable planning_process[0m
[25.163s] /usr/bin/ld: CMakeFiles/planning_process.dir/planning_process.cpp.o: in function `Planning::PlanningProcess::process()':
[25.163s] planning_process.cpp:(.text+0xd6f): undefined reference to `Planning::PlanningProcess::planning_callback()'
[25.248s] collect2: error: ld returned 1 exit status
[25.254s] gmake[2]: *** [src/planning_process/CMakeFiles/planning_process.dir/build.make:254Ôºösrc/planning_process/planning_process] ÈîôËØØ 1
[25.256s] gmake[1]: *** [CMakeFiles/Makefile2:578Ôºösrc/planning_process/CMakeFiles/planning_process.dir/all] ÈîôËØØ 2
[25.257s] gmake: *** [Makefile:146Ôºöall] ÈîôËØØ 2
[25.262s] Invoked command in '/home/x/planning_with_ROS2_course/build/planning' returned '2': CMAKE_PREFIX_PATH=/home/x/planning_with_ROS2_course/install/base_msgs:/home/x/planning_with_ROS2_course/install/planning:/home/x/planning_with_ROS2_course/install/data_plot:/opt/ros/humble LD_LIBRARY_PATH=/home/x/planning_with_ROS2_course/install/base_msgs/lib:/home/x/planning_with_ROS2_course/install/planning/lib:/home/x/planning_with_ROS2_course/install/planning/lib:/home/x/planning_with_ROS2_course/install/planning/lib:/opt/ros/humble/opt/rviz_ogre_vendor/lib:/opt/ros/humble/lib/x86_64-linux-gnu:/opt/ros/humble/lib /usr/bin/cmake --build /home/x/planning_with_ROS2_course/build/planning -- -j8 -l8
