[01m[K/home/x/planning_with_ROS2_course/src/planning/src/planning_process/planning_process.cpp:[m[K In constructor â€˜[01m[KPlanning::PlanningProcess::PlanningProcess()[m[Kâ€™:
[01m[K/home/x/planning_with_ROS2_course/src/planning/src/planning_process/planning_process.cpp:41:9:[m[K [01;31m[Kerror: [m[Kâ€˜[01m[Kglobal_path_client_[m[Kâ€™ was not declared in this scope; did you mean â€˜[01m[Kglobal_path_client__[m[Kâ€™?
   41 |         [01;31m[Kglobal_path_client_[m[K = this->create_client<GlobalPathService>("global_path_service");
      |         [01;31m[K^~~~~~~~~~~~~~~~~~~[m[K
      |         [32m[Kglobal_path_client__[m[K
gmake[2]: *** [src/planning_process/CMakeFiles/planning_process.dir/build.make:90ï¼šsrc/planning_process/CMakeFiles/planning_process.dir/planning_process.cpp.o] é”™è¯¯ 1
gmake[1]: *** [CMakeFiles/Makefile2:578ï¼šsrc/planning_process/CMakeFiles/planning_process.dir/all] é”™è¯¯ 2
gmake: *** [Makefile:146ï¼šall] é”™è¯¯ 2
