[  5%] Built target config_reader
[ 14%] Built target mathlibs
[ 20%] Built target global_planner
[ 28%] Built target pnc_map_creator
[ 37%] Built target reference_line
[ 45%] Built target vehicle_info
[ 51%] Built target global_path_server
[ 57%] Built target pnc_map_server
[ 62%] Built target decision_center
[ 68%] Built target car_move_cmd
[ 74%] Built target obs_move_cmd
[ 91%] Built target local_planner
[35m[1mConsolidate compiler generated dependencies of target planning_process[0m
[ 94%] [32mBuilding CXX object src/planning_process/CMakeFiles/planning_process.dir/planning_process.cpp.o[0m
In file included from [01m[K/opt/ros/humble/include/rclcpp/rclcpp/client.hpp:40[m[K,
                 from [01m[K/opt/ros/humble/include/rclcpp/rclcpp/callback_group.hpp:24[m[K,
                 from [01m[K/opt/ros/humble/include/rclcpp/rclcpp/any_executable.hpp:20[m[K,
                 from [01m[K/opt/ros/humble/include/rclcpp/rclcpp/memory_strategy.hpp:25[m[K,
                 from [01m[K/opt/ros/humble/include/rclcpp/rclcpp/memory_strategies.hpp:18[m[K,
                 from [01m[K/opt/ros/humble/include/rclcpp/rclcpp/executor_options.hpp:20[m[K,
                 from [01m[K/opt/ros/humble/include/rclcpp/rclcpp/executor.hpp:37[m[K,
                 from [01m[K/opt/ros/humble/include/rclcpp/rclcpp/executors/multi_threaded_executor.hpp:25[m[K,
                 from [01m[K/opt/ros/humble/include/rclcpp/rclcpp/executors.hpp:21[m[K,
                 from [01m[K/opt/ros/humble/include/rclcpp/rclcpp/rclcpp.hpp:155[m[K,
                 from [01m[K/home/x/planning_with_ROS2_course/src/planning/src/planning_process/planning_process.h:4[m[K,
                 from [01m[K/home/x/planning_with_ROS2_course/src/planning/src/planning_process/planning_process.cpp:25[m[K:
[01m[K/home/x/planning_with_ROS2_course/src/planning/src/planning_process/planning_process.cpp:280:9:[m[K [01;31m[Kerror: [m[Kexpected unqualified-id before â€˜[01m[Kdo[m[Kâ€™
  280 |         [01;31m[KRCLCPP_INFO[m[K(this->get_logger(), "-----è½¦ä¿©çŠ¶æ€: loc = ( %.2f, %.2f), speed = %.2f, a = %.2f, theta = %.2f, kappa = %.2f",
      |         [01;31m[K^~~~~~~~~~~[m[K
[01m[K/home/x/planning_with_ROS2_course/src/planning/src/planning_process/planning_process.cpp:280:9:[m[K [01;31m[Kerror: [m[Kexpected unqualified-id before â€˜[01m[Kwhile[m[Kâ€™
  280 |         [01;31m[KRCLCPP_INFO[m[K(this->get_logger(), "-----è½¦ä¿©çŠ¶æ€: loc = ( %.2f, %.2f), speed = %.2f, a = %.2f, theta = %.2f, kappa = %.2f",
      |         [01;31m[K^~~~~~~~~~~[m[K
[01m[K/home/x/planning_with_ROS2_course/src/planning/src/planning_process/planning_process.cpp:288:31:[m[K [01;31m[Kerror: [m[Kinvalid use of â€˜[01m[Kthis[m[Kâ€™ at top level
  288 |         const auto end_time = [01;31m[Kthis[m[K->get_clock()->now();
      |                               [01;31m[K^~~~[m[K
[01m[K/home/x/planning_with_ROS2_course/src/planning/src/planning_process/planning_process.cpp:289:64:[m[K [01;31m[Kerror: [m[Kâ€˜[01m[Kstart_time[m[Kâ€™ was not declared in this scope; did you mean â€˜[01m[Kstrptime[m[Kâ€™?
  289 |         const double planner_total_time = end_time.seconds() - [01;31m[Kstart_time[m[K.seconds();
      |                                                                [01;31m[K^~~~~~~~~~[m[K
      |                                                                [32m[Kstrptime[m[K
In file included from [01m[K/opt/ros/humble/include/rclcpp/rclcpp/client.hpp:40[m[K,
                 from [01m[K/opt/ros/humble/include/rclcpp/rclcpp/callback_group.hpp:24[m[K,
                 from [01m[K/opt/ros/humble/include/rclcpp/rclcpp/any_executable.hpp:20[m[K,
                 from [01m[K/opt/ros/humble/include/rclcpp/rclcpp/memory_strategy.hpp:25[m[K,
                 from [01m[K/opt/ros/humble/include/rclcpp/rclcpp/memory_strategies.hpp:18[m[K,
                 from [01m[K/opt/ros/humble/include/rclcpp/rclcpp/executor_options.hpp:20[m[K,
                 from [01m[K/opt/ros/humble/include/rclcpp/rclcpp/executor.hpp:37[m[K,
                 from [01m[K/opt/ros/humble/include/rclcpp/rclcpp/executors/multi_threaded_executor.hpp:25[m[K,
                 from [01m[K/opt/ros/humble/include/rclcpp/rclcpp/executors.hpp:21[m[K,
                 from [01m[K/opt/ros/humble/include/rclcpp/rclcpp/rclcpp.hpp:155[m[K,
                 from [01m[K/home/x/planning_with_ROS2_course/src/planning/src/planning_process/planning_process.h:4[m[K,
                 from [01m[K/home/x/planning_with_ROS2_course/src/planning/src/planning_process/planning_process.cpp:25[m[K:
[01m[K/home/x/planning_with_ROS2_course/src/planning/src/planning_process/planning_process.cpp:290:9:[m[K [01;31m[Kerror: [m[Kexpected unqualified-id before â€˜[01m[Kdo[m[Kâ€™
  290 |         [01;31m[KRCLCPP_INFO[m[K(this->get_logger(), "-----è§„åˆ’æ€»æ—¶é—´: %f ms\n", planner_total_time * 1000);
      |         [01;31m[K^~~~~~~~~~~[m[K
[01m[K/home/x/planning_with_ROS2_course/src/planning/src/planning_process/planning_process.cpp:290:9:[m[K [01;31m[Kerror: [m[Kexpected unqualified-id before â€˜[01m[Kwhile[m[Kâ€™
  290 |         [01;31m[KRCLCPP_INFO[m[K(this->get_logger(), "-----è§„åˆ’æ€»æ—¶é—´: %f ms\n", planner_total_time * 1000);
      |         [01;31m[K^~~~~~~~~~~[m[K
[01m[K/home/x/planning_with_ROS2_course/src/planning/src/planning_process/planning_process.cpp:293:9:[m[K [01;31m[Kerror: [m[Kexpected unqualified-id before â€˜[01m[Kif[m[Kâ€™
  293 |         [01;31m[Kif[m[K(planner_total_time > 1.0)
      |         [01;31m[K^~[m[K
[01m[K/home/x/planning_with_ROS2_course/src/planning/src/planning_process/planning_process.cpp:300:1:[m[K [01;31m[Kerror: [m[Kexpected declaration before â€˜[01m[K}[m[Kâ€™ token
  300 | [01;31m[K}[m[K // namespace Planning
      | [01;31m[K^[m[K
gmake[2]: *** [src/planning_process/CMakeFiles/planning_process.dir/build.make:90ï¼šsrc/planning_process/CMakeFiles/planning_process.dir/planning_process.cpp.o] é”™è¯¯ 1
gmake[1]: *** [CMakeFiles/Makefile2:578ï¼šsrc/planning_process/CMakeFiles/planning_process.dir/all] é”™è¯¯ 2
gmake: *** [Makefile:146ï¼šall] é”™è¯¯ 2
