In file included from [01m[K/home/x/planning_with_ROS2_course/src/planning/src/move_cmd/obs_move_cmd.cpp:20[m[K:
[01m[K/home/x/planning_with_ROS2_course/src/planning/src/move_cmd/obs_move_cmd.h:23:25:[m[K [01;31m[Kerror: [m[Kâ€˜[01m[KTransformBroadcaster[m[Kâ€™ was not declared in this scope; did you mean â€˜[01m[Ktf2_ros::TransformBroadcaster[m[Kâ€™?
   23 |         std::shared_ptr<[01;31m[KTransformBroadcaster[m[K> obs_broadcaster_;  // åæ ‡å¹¿æ’­å™¨
      |                         [01;31m[K^~~~~~~~~~~~~~~~~~~~[m[K
      |                         [32m[Ktf2_ros::TransformBroadcaster[m[K
In file included from [01m[K/opt/ros/humble/include/tf2_ros/tf2_ros/transform_broadcaster.h:36[m[K,
                 from [01m[K/home/x/planning_with_ROS2_course/src/planning/src/move_cmd/obs_move_cmd.h:6[m[K,
                 from [01m[K/home/x/planning_with_ROS2_course/src/planning/src/move_cmd/obs_move_cmd.cpp:20[m[K:
[01m[K/opt/ros/humble/include/tf2_ros/tf2_ros/transform_broadcaster.hpp:53:7:[m[K [01;36m[Knote: [m[Kâ€˜[01m[Ktf2_ros::TransformBroadcaster[m[Kâ€™ declared here
   53 | class [01;36m[KTransformBroadcaster[m[K
      |       [01;36m[K^~~~~~~~~~~~~~~~~~~~[m[K
In file included from [01m[K/home/x/planning_with_ROS2_course/src/planning/src/move_cmd/obs_move_cmd.cpp:20[m[K:
[01m[K/home/x/planning_with_ROS2_course/src/planning/src/move_cmd/obs_move_cmd.h:23:45:[m[K [01;31m[Kerror: [m[Ktemplate argument 1 is invalid
   23 |         std::shared_ptr<TransformBroadcaster[01;31m[K>[m[K obs_broadcaster_;  // åæ ‡å¹¿æ’­å™¨
      |                                             [01;31m[K^[m[K
[01m[K/home/x/planning_with_ROS2_course/src/planning/src/move_cmd/obs_move_cmd.cpp:[m[K In constructor â€˜[01m[KPlanning::ObsMoveCmd::ObsMoveCmd()[m[Kâ€™:
[01m[K/home/x/planning_with_ROS2_course/src/planning/src/move_cmd/obs_move_cmd.cpp:39:80:[m[K [01;31m[Kerror: [m[Kcannot convert â€˜[01m[Kstd::shared_ptr<tf2_ros::TransformBroadcaster>[m[Kâ€™ to â€˜[01m[Kint[m[Kâ€™ in assignment
   39 |             obs_param.obs_broadcaster_ = [01;31m[Kstd::make_shared<TransformBroadcaster>(this)[m[K;
      |                                          [01;31m[K~~~~~~~~~~~~~~~~~~~~~~~~~~~~~~~~~~~~~~^~~~~~[m[K
      |                                                                                [01;31m[K|[m[K
      |                                                                                [01;31m[Kstd::shared_ptr<tf2_ros::TransformBroadcaster>[m[K
[01m[K/home/x/planning_with_ROS2_course/src/planning/src/move_cmd/obs_move_cmd.cpp:[m[K In member function â€˜[01m[Kvoid Planning::ObsMoveCmd::obs_broadcast_tf()[m[Kâ€™:
[01m[K/home/x/planning_with_ROS2_course/src/planning/src/move_cmd/obs_move_cmd.cpp:83:39:[m[K [01;31m[Kerror: [m[Kbase operand of â€˜[01m[K->[m[Kâ€™ is not a pointer
   83 |             obs_param.obs_broadcaster_[01;31m[K->[m[KsendTransform(transform_data);
      |                                       [01;31m[K^~[m[K
gmake[2]: *** [src/move_cmd/CMakeFiles/obs_move_cmd.dir/build.make:76ï¼šsrc/move_cmd/CMakeFiles/obs_move_cmd.dir/obs_move_cmd.cpp.o] é”™è¯¯ 1
gmake[1]: *** [CMakeFiles/Makefile2:678ï¼šsrc/move_cmd/CMakeFiles/obs_move_cmd.dir/all] é”™è¯¯ 2
gmake[1]: *** æ­£åœ¨ç­‰å¾…æœªå®Œæˆçš„ä»»åŠ¡....
gmake: *** [Makefile:146ï¼šall] é”™è¯¯ 2
