[0.496s] Invoking command in '/home/x/planning_with_ROS2_course/build/planning': CMAKE_PREFIX_PATH=/home/x/planning_with_ROS2_course/install/base_msgs:/home/x/planning_with_ROS2_course/install/planning:/home/x/planning_with_ROS2_course/install/data_plot:/opt/ros/humble LD_LIBRARY_PATH=/home/x/planning_with_ROS2_course/install/base_msgs/lib:/home/x/planning_with_ROS2_course/install/planning/lib:/home/x/planning_with_ROS2_course/install/planning/lib:/home/x/planning_with_ROS2_course/install/planning/lib:/opt/ros/humble/opt/rviz_ogre_vendor/lib:/opt/ros/humble/lib/x86_64-linux-gnu:/opt/ros/humble/lib /usr/bin/cmake --build /home/x/planning_with_ROS2_course/build/planning -- -j8 -l8
[0.618s] [  5%] Built target osqp_test
[0.630s] [ 13%] Built target mathlibs
[0.631s] [ 18%] Built target config_reader
[0.674s] [35m[1mConsolidate compiler generated dependencies of target vehicle_info[0m
[0.716s] [ 24%] Built target global_planner
[0.722s] [ 32%] Built target pnc_map_creator
[0.730s] [ 40%] Built target reference_line
[0.777s] [ 48%] Built target vehicle_info
[0.854s] [35m[1mConsolidate compiler generated dependencies of target decision_center[0m
[0.859s] [35m[1mConsolidate compiler generated dependencies of target car_move_cmd[0m
[0.874s] [35m[1mConsolidate compiler generated dependencies of target obs_move_cmd[0m
[0.874s] [ 54%] Built target pnc_map_server
[0.880s] [ 59%] Built target global_path_server
[0.956s] [ 64%] Built target car_move_cmd
[0.974s] [ 70%] Built target decision_center
[0.981s] [ 72%] [32mBuilding CXX object src/move_cmd/CMakeFiles/obs_move_cmd.dir/obs_move_cmd.cpp.o[0m
[1.043s] [35m[1mConsolidate compiler generated dependencies of target local_planner[0m
[1.120s] [ 89%] Built target local_planner
[1.156s] [35m[1mConsolidate compiler generated dependencies of target planning_process[0m
[1.220s] [ 91%] [32mBuilding CXX object src/planning_process/CMakeFiles/planning_process.dir/planning_process.cpp.o[0m
[7.230s] In file included from [01m[K/home/x/planning_with_ROS2_course/src/planning/src/move_cmd/obs_move_cmd.cpp:20[m[K:
[7.231s] [01m[K/home/x/planning_with_ROS2_course/src/planning/src/move_cmd/obs_move_cmd.h:23:25:[m[K [01;31m[Kerror: [m[Kâ€˜[01m[KTransformBroadcaster[m[Kâ€™ was not declared in this scope; did you mean â€˜[01m[Ktf2_ros::TransformBroadcaster[m[Kâ€™?
[7.231s]    23 |         std::shared_ptr<[01;31m[KTransformBroadcaster[m[K> obs_broadcaster_;  // åæ ‡å¹¿æ’­å™¨
[7.231s]       |                         [01;31m[K^~~~~~~~~~~~~~~~~~~~[m[K
[7.231s]       |                         [32m[Ktf2_ros::TransformBroadcaster[m[K
[7.232s] In file included from [01m[K/opt/ros/humble/include/tf2_ros/tf2_ros/transform_broadcaster.h:36[m[K,
[7.232s]                  from [01m[K/home/x/planning_with_ROS2_course/src/planning/src/move_cmd/obs_move_cmd.h:6[m[K,
[7.232s]                  from [01m[K/home/x/planning_with_ROS2_course/src/planning/src/move_cmd/obs_move_cmd.cpp:20[m[K:
[7.232s] [01m[K/opt/ros/humble/include/tf2_ros/tf2_ros/transform_broadcaster.hpp:53:7:[m[K [01;36m[Knote: [m[Kâ€˜[01m[Ktf2_ros::TransformBroadcaster[m[Kâ€™ declared here
[7.232s]    53 | class [01;36m[KTransformBroadcaster[m[K
[7.232s]       |       [01;36m[K^~~~~~~~~~~~~~~~~~~~[m[K
[7.232s] In file included from [01m[K/home/x/planning_with_ROS2_course/src/planning/src/move_cmd/obs_move_cmd.cpp:20[m[K:
[7.232s] [01m[K/home/x/planning_with_ROS2_course/src/planning/src/move_cmd/obs_move_cmd.h:23:45:[m[K [01;31m[Kerror: [m[Ktemplate argument 1 is invalid
[7.233s]    23 |         std::shared_ptr<TransformBroadcaster[01;31m[K>[m[K obs_broadcaster_;  // åæ ‡å¹¿æ’­å™¨
[7.233s]       |                                             [01;31m[K^[m[K
[7.258s] [01m[K/home/x/planning_with_ROS2_course/src/planning/src/move_cmd/obs_move_cmd.cpp:[m[K In constructor â€˜[01m[KPlanning::ObsMoveCmd::ObsMoveCmd()[m[Kâ€™:
[7.260s] [01m[K/home/x/planning_with_ROS2_course/src/planning/src/move_cmd/obs_move_cmd.cpp:39:80:[m[K [01;31m[Kerror: [m[Kcannot convert â€˜[01m[Kstd::shared_ptr<tf2_ros::TransformBroadcaster>[m[Kâ€™ to â€˜[01m[Kint[m[Kâ€™ in assignment
[7.260s]    39 |             obs_param.obs_broadcaster_ = [01;31m[Kstd::make_shared<TransformBroadcaster>(this)[m[K;
[7.260s]       |                                          [01;31m[K~~~~~~~~~~~~~~~~~~~~~~~~~~~~~~~~~~~~~~^~~~~~[m[K
[7.260s]       |                                                                                [01;31m[K|[m[K
[7.260s]       |                                                                                [01;31m[Kstd::shared_ptr<tf2_ros::TransformBroadcaster>[m[K
[7.285s] [01m[K/home/x/planning_with_ROS2_course/src/planning/src/move_cmd/obs_move_cmd.cpp:[m[K In member function â€˜[01m[Kvoid Planning::ObsMoveCmd::obs_broadcast_tf()[m[Kâ€™:
[7.286s] [01m[K/home/x/planning_with_ROS2_course/src/planning/src/move_cmd/obs_move_cmd.cpp:83:39:[m[K [01;31m[Kerror: [m[Kbase operand of â€˜[01m[K->[m[Kâ€™ is not a pointer
[7.286s]    83 |             obs_param.obs_broadcaster_[01;31m[K->[m[KsendTransform(transform_data);
[7.286s]       |                                       [01;31m[K^~[m[K
[9.483s] gmake[2]: *** [src/move_cmd/CMakeFiles/obs_move_cmd.dir/build.make:76ï¼šsrc/move_cmd/CMakeFiles/obs_move_cmd.dir/obs_move_cmd.cpp.o] é”™è¯¯ 1
[9.486s] gmake[1]: *** [CMakeFiles/Makefile2:678ï¼šsrc/move_cmd/CMakeFiles/obs_move_cmd.dir/all] é”™è¯¯ 2
[9.486s] gmake[1]: *** æ­£åœ¨ç­‰å¾…æœªå®Œæˆçš„ä»»åŠ¡....
[28.431s] [ 94%] [32m[1mLinking CXX executable planning_process[0m
[29.983s] [ 97%] Built target planning_process
[29.986s] gmake: *** [Makefile:146ï¼šall] é”™è¯¯ 2
[29.992s] Invoked command in '/home/x/planning_with_ROS2_course/build/planning' returned '2': CMAKE_PREFIX_PATH=/home/x/planning_with_ROS2_course/install/base_msgs:/home/x/planning_with_ROS2_course/install/planning:/home/x/planning_with_ROS2_course/install/data_plot:/opt/ros/humble LD_LIBRARY_PATH=/home/x/planning_with_ROS2_course/install/base_msgs/lib:/home/x/planning_with_ROS2_course/install/planning/lib:/home/x/planning_with_ROS2_course/install/planning/lib:/home/x/planning_with_ROS2_course/install/planning/lib:/opt/ros/humble/opt/rviz_ogre_vendor/lib:/opt/ros/humble/lib/x86_64-linux-gnu:/opt/ros/humble/lib /usr/bin/cmake --build /home/x/planning_with_ROS2_course/build/planning -- -j8 -l8
